2023-08-22 16:37:40 INFO  DishController:28 - get Dishes By Ingredients
2023-08-22 16:37:40 INFO  DishController:29 - JSON:{
    "ingredients": [
        {
            "name": "Курица"
        },
        {
            "name": "Капуста"
        }
    ]
}
2023-08-22 16:43:36 INFO  DishController:28 - get Dishes By Ingredients
2023-08-22 16:43:36 INFO  DishController:29 - JSON:{
    "ingredients": [
        {
            "name": "Курица"
        },
        {
            "name": "Капуста"
        }
    ]
}
2023-08-22 16:43:36 INFO  DishService:75 - БлюдоDish(id=1, title=Суп, totalCalory=0)не подходит
2023-08-22 16:43:36 INFO  DishService:78 - Нужные блюда не были найдены
2023-08-22 17:08:10 INFO  DishController:28 - get Dishes By Ingredients
2023-08-22 17:08:10 INFO  DishController:29 - JSON:{
    "ingredients": [
        {
            "name": "Курица"
        },
        {
            "name": "Капуста"
        }
    ]
}
2023-08-22 17:12:09 INFO  DishController:28 - get Dishes By Ingredients
2023-08-22 17:12:09 INFO  DishController:29 - JSON:{
    "ingredients": [
        {
            "name": "Курица"
        },
        {
            "name": "Капуста"
        }
    ]
}
2023-08-22 17:23:07 INFO  DishController:28 - get Dishes By Ingredients
2023-08-22 17:23:07 INFO  DishController:29 - JSON:{
    "ingredients": [
        {
            "name": "Курица"
        },
        {
            "name": "Капуста"
        }
    ]
}
2023-08-22 17:23:07 DEBUG DishService:61 - [Dish(id=1, title=Суп, totalCalory=0)]
2023-08-22 17:23:07 DEBUG DishService:63 - Dish - Dish(id=1, title=Суп, totalCalory=0)
2023-08-22 17:27:01 INFO  DishController:28 - get Dishes By Ingredients
2023-08-22 17:27:01 INFO  DishController:29 - JSON:{
    "ingredients": [
        {
            "name": "Курица"
        },
        {
            "name": "Капуста"
        }
    ]
}
2023-08-22 17:27:01 DEBUG DishService:61 - [Dish(id=1, title=Суп, totalCalory=0)]
2023-08-22 17:27:01 DEBUG DishService:63 - Dish - Dish(id=1, title=Суп, totalCalory=0)
2023-08-22 17:27:01 DEBUG DishService:65 - [DishPart(id=1, dishId=1, ingredientId=1, qty=1, qtyCalory=0), DishPart(id=2, dishId=1, ingredientId=2, qty=1, qtyCalory=0), DishPart(id=3, dishId=1, ingredientId=3, qty=1, qtyCalory=0)]
2023-08-22 17:27:01 DEBUG DishService:67 - [1, 3, 2]
2023-08-22 17:37:30 INFO  DishController:28 - get Dishes By Ingredients
2023-08-22 17:37:30 INFO  DishController:29 - JSON:{
    "ingredients": [
        {
            "name": "Курица"
        },
        {
            "name": "Капуста"
        }
    ]
}
2023-08-22 17:37:31 DEBUG DishService:61 - [Dish(id=1, title=Суп, totalCalory=0)]
2023-08-22 17:37:31 DEBUG DishService:63 - Dish - Dish(id=1, title=Суп, totalCalory=0)
2023-08-22 17:37:31 DEBUG DishService:65 - [DishPart(id=1, dishId=1, ingredientId=1, qty=1, qtyCalory=0), DishPart(id=2, dishId=1, ingredientId=2, qty=1, qtyCalory=0), DishPart(id=3, dishId=1, ingredientId=3, qty=1, qtyCalory=0)]
2023-08-22 17:37:31 DEBUG DishService:67 - [1, 3, 2]
2023-08-23 11:36:31 INFO  DishController:28 - get Dishes By Ingredients
2023-08-23 11:36:31 INFO  DishController:29 - JSON:[I@30d938df
2023-08-23 11:36:31 DEBUG DishService:61 - [Dish(id=1, title=Суп, totalCalory=0)]
2023-08-23 11:36:31 DEBUG DishService:63 - Dish - Dish(id=1, title=Суп, totalCalory=0)
2023-08-23 11:36:31 DEBUG DishService:65 - [DishPart(id=1, dishId=1, ingredientId=1, qty=1, qtyCalory=0), DishPart(id=2, dishId=1, ingredientId=2, qty=1, qtyCalory=0), DishPart(id=3, dishId=1, ingredientId=3, qty=1, qtyCalory=0)]
2023-08-23 11:36:31 DEBUG DishService:67 - [1, 3, 2]
2023-08-23 11:38:19 INFO  DishController:28 - get Dishes By Ingredients
2023-08-23 11:38:19 INFO  DishController:29 - JSON:[I@3ebfa0c1
2023-08-23 11:38:19 DEBUG DishService:61 - [Dish(id=1, title=Суп, totalCalory=0)]
2023-08-23 11:38:19 DEBUG DishService:63 - Dish - Dish(id=1, title=Суп, totalCalory=0)
2023-08-23 11:38:19 DEBUG DishService:65 - [DishPart(id=1, dishId=1, ingredientId=1, qty=1, qtyCalory=0), DishPart(id=2, dishId=1, ingredientId=2, qty=1, qtyCalory=0), DishPart(id=3, dishId=1, ingredientId=3, qty=1, qtyCalory=0)]
2023-08-23 11:38:19 DEBUG DishService:67 - [1, 3, 2]
2023-08-23 11:38:46 INFO  DishController:29 - get Dishes By Ingredients
2023-08-23 11:38:46 DEBUG DishService:61 - [Dish(id=1, title=Суп, totalCalory=0)]
2023-08-23 11:38:46 DEBUG DishService:63 - Dish - Dish(id=1, title=Суп, totalCalory=0)
2023-08-23 11:38:46 DEBUG DishService:65 - [DishPart(id=1, dishId=1, ingredientId=1, qty=1, qtyCalory=0), DishPart(id=2, dishId=1, ingredientId=2, qty=1, qtyCalory=0), DishPart(id=3, dishId=1, ingredientId=3, qty=1, qtyCalory=0)]
2023-08-23 11:38:46 DEBUG DishService:67 - [1, 3, 2]
2023-08-23 11:39:30 INFO  DishController:29 - get Dishes By Ingredients
2023-08-23 11:39:30 INFO  DishController:30 - [1, 2, 3]
2023-08-23 11:39:30 DEBUG DishService:61 - [Dish(id=1, title=Суп, totalCalory=0)]
2023-08-23 11:39:30 DEBUG DishService:63 - Dish - Dish(id=1, title=Суп, totalCalory=0)
2023-08-23 11:39:30 DEBUG DishService:65 - [DishPart(id=1, dishId=1, ingredientId=1, qty=1, qtyCalory=0), DishPart(id=2, dishId=1, ingredientId=2, qty=1, qtyCalory=0), DishPart(id=3, dishId=1, ingredientId=3, qty=1, qtyCalory=0)]
2023-08-23 11:39:30 DEBUG DishService:67 - [1, 3, 2]
2023-08-23 11:47:03 INFO  DishController:29 - get Dishes By Ingredients
2023-08-23 11:47:03 INFO  DishController:30 - [1, 2, 3]
2023-08-23 11:47:04 DEBUG DishService:63 - [Dish(id=1, title=Суп, totalCalory=0)]
2023-08-23 11:47:04 DEBUG DishService:65 - Dish - Dish(id=1, title=Суп, totalCalory=0)
2023-08-23 11:47:04 DEBUG DishService:67 - [DishPart(id=1, dishId=1, ingredientId=1, qty=1, qtyCalory=0), DishPart(id=2, dishId=1, ingredientId=2, qty=1, qtyCalory=0), DishPart(id=3, dishId=1, ingredientId=3, qty=1, qtyCalory=0)]
2023-08-23 11:47:04 DEBUG DishService:69 - [1, 2, 3]
2023-08-23 11:53:00 INFO  DishController:29 - get Dishes By Ingredients
2023-08-23 11:53:00 INFO  DishController:30 - [1, 2, 3]
2023-08-23 11:53:00 DEBUG DishService:63 - [Dish(id=1, title=Суп, totalCalory=0)]
2023-08-23 11:53:00 DEBUG DishService:65 - Dish - Dish(id=1, title=Суп, totalCalory=0)
2023-08-23 11:53:00 DEBUG DishService:67 - [DishPart(id=1, dishId=1, ingredientId=1, qty=1, qtyCalory=0), DishPart(id=2, dishId=1, ingredientId=2, qty=1, qtyCalory=0), DishPart(id=3, dishId=1, ingredientId=3, qty=1, qtyCalory=0)]
2023-08-23 11:53:00 DEBUG DishService:69 - [1, 2, 3]
2023-08-23 11:53:00 DEBUG DishService:74 - Удалено id - 1
2023-08-23 11:53:00 DEBUG DishService:75 - Лист - [1, 2, 3]
2023-08-23 11:54:19 INFO  DishController:29 - get Dishes By Ingredients
2023-08-23 11:54:19 INFO  DishController:30 - [1, 2, 3]
2023-08-23 11:54:19 DEBUG DishService:63 - [Dish(id=1, title=Суп, totalCalory=0)]
2023-08-23 11:54:19 DEBUG DishService:65 - Dish - Dish(id=1, title=Суп, totalCalory=0)
2023-08-23 11:54:20 DEBUG DishService:67 - [DishPart(id=1, dishId=1, ingredientId=1, qty=1, qtyCalory=0), DishPart(id=2, dishId=1, ingredientId=2, qty=1, qtyCalory=0), DishPart(id=3, dishId=1, ingredientId=3, qty=1, qtyCalory=0)]
2023-08-23 11:54:20 DEBUG DishService:69 - [1, 2, 3]
2023-08-23 11:54:20 DEBUG DishService:73 - ingredientId1
2023-08-23 11:54:20 DEBUG DishService:75 - Удалено id - 1
2023-08-23 11:54:20 DEBUG DishService:76 - Лист - [1, 2, 3]
2023-08-23 12:01:59 INFO  DishController:29 - get Dishes By Ingredients
2023-08-23 12:01:59 INFO  DishController:30 - [1, 2, 3]
2023-08-23 12:02:00 DEBUG DishService:63 - [Dish(id=2, title=Салат, totalCalory=0), Dish(id=1, title=Суп, totalCalory=0)]
2023-08-23 12:02:00 DEBUG DishService:65 - Dish - Dish(id=2, title=Салат, totalCalory=0)
2023-08-23 12:02:00 DEBUG DishService:67 - [DishPart(id=4, dishId=2, ingredientId=1, qty=1, qtyCalory=0), DishPart(id=6, dishId=2, ingredientId=4, qty=1, qtyCalory=0), DishPart(id=5, dishId=2, ingredientId=5, qty=1, qtyCalory=0)]
2023-08-23 12:02:00 DEBUG DishService:69 - [1, 2, 3]
2023-08-23 12:02:00 DEBUG DishService:73 - ingredientId - 1
2023-08-23 12:02:00 DEBUG DishService:75 - Удалено id - 1
2023-08-23 12:02:00 DEBUG DishService:76 - Лист - [1, 2, 3]
2023-08-23 12:07:21 INFO  DishController:29 - get Dishes By Ingredients
2023-08-23 12:07:21 INFO  DishController:30 - [1, 2, 3]
2023-08-23 12:07:21 DEBUG DishService:63 - [Dish(id=2, title=Салат, totalCalory=0), Dish(id=1, title=Суп, totalCalory=0)]
2023-08-23 12:07:21 DEBUG DishService:65 - Dish - Dish(id=2, title=Салат, totalCalory=0)
2023-08-23 12:07:21 DEBUG DishService:67 - [DishPart(id=4, dishId=2, ingredientId=1, qty=1, qtyCalory=0), DishPart(id=6, dishId=2, ingredientId=4, qty=1, qtyCalory=0), DishPart(id=5, dishId=2, ingredientId=5, qty=1, qtyCalory=0)]
2023-08-23 12:07:21 DEBUG DishService:69 - [1, 2, 3]
2023-08-23 12:07:21 DEBUG DishService:73 - ingredientId - 1
2023-08-23 12:07:21 DEBUG DishService:75 - Удалено id - 1
2023-08-23 12:07:21 DEBUG DishService:76 - Лист - [1, 2, 3]
2023-08-23 12:08:00 INFO  DishController:29 - get Dishes By Ingredients
2023-08-23 12:08:00 INFO  DishController:30 - [1, 2, 3]
2023-08-23 12:08:00 DEBUG DishService:63 - [Dish(id=2, title=Салат, totalCalory=0), Dish(id=1, title=Суп, totalCalory=0)]
2023-08-23 12:08:00 DEBUG DishService:65 - Dish - Dish(id=2, title=Салат, totalCalory=0)
2023-08-23 12:08:00 DEBUG DishService:67 - [DishPart(id=4, dishId=2, ingredientId=1, qty=1, qtyCalory=0), DishPart(id=6, dishId=2, ingredientId=4, qty=1, qtyCalory=0), DishPart(id=5, dishId=2, ingredientId=5, qty=1, qtyCalory=0)]
2023-08-23 12:08:00 DEBUG DishService:69 - [1, 2, 3]
2023-08-23 12:08:00 DEBUG DishService:73 - ingredientId - 1
2023-08-23 12:08:00 DEBUG DishService:75 - Удалено id - 1
2023-08-23 12:08:00 DEBUG DishService:77 - Лист - [1, 2, 3]
2023-08-23 12:09:37 INFO  DishController:29 - get Dishes By Ingredients
2023-08-23 12:09:37 INFO  DishController:30 - [1, 2, 3]
2023-08-23 12:09:37 DEBUG DishService:63 - [Dish(id=2, title=Салат, totalCalory=0), Dish(id=1, title=Суп, totalCalory=0)]
2023-08-23 12:09:37 DEBUG DishService:65 - Dish - Dish(id=2, title=Салат, totalCalory=0)
2023-08-23 12:09:37 DEBUG DishService:67 - [DishPart(id=4, dishId=2, ingredientId=1, qty=1, qtyCalory=0), DishPart(id=6, dishId=2, ingredientId=4, qty=1, qtyCalory=0), DishPart(id=5, dishId=2, ingredientId=5, qty=1, qtyCalory=0)]
2023-08-23 12:09:37 DEBUG DishService:69 - [1, 2, 3]
2023-08-23 12:09:37 DEBUG DishService:73 - ingredientId - 1
2023-08-23 12:09:37 DEBUG DishService:75 - Удалено id - 1
2023-08-23 12:09:37 DEBUG DishService:77 - Лист - [2, 3]
2023-08-23 12:17:40 INFO  DishController:29 - get Dishes By Ingredients
2023-08-23 12:17:40 INFO  DishController:30 - [1, 2, 3]
2023-08-23 12:17:41 DEBUG DishService:63 - [Dish(id=2, title=Салат, totalCalory=0), Dish(id=1, title=Суп, totalCalory=0)]
2023-08-23 12:17:41 DEBUG DishService:65 - Dish - Dish(id=2, title=Салат, totalCalory=0)
2023-08-23 12:17:41 DEBUG DishService:67 - [DishPart(id=4, dishId=2, ingredientId=1, qty=1, qtyCalory=0), DishPart(id=6, dishId=2, ingredientId=4, qty=1, qtyCalory=0), DishPart(id=5, dishId=2, ingredientId=5, qty=1, qtyCalory=0)]
2023-08-23 12:17:41 DEBUG DishService:69 - [1, 2, 3]
2023-08-23 12:17:41 DEBUG DishService:73 - ingredientsIdsCopy.get(i) - 1
2023-08-23 12:17:41 DEBUG DishService:75 - Удалено id - 1
2023-08-23 12:17:41 DEBUG DishService:77 - Лист - [2, 3]
2023-08-23 12:17:41 DEBUG DishService:73 - ingredientsIdsCopy.get(i) - 3
2023-08-23 12:17:41 DEBUG DishService:73 - ingredientsIdsCopy.get(i) - 2
2023-08-23 12:17:41 DEBUG DishService:73 - ingredientsIdsCopy.get(i) - 3
2023-08-23 12:17:41 DEBUG DishService:73 - ingredientsIdsCopy.get(i) - 2
2023-08-23 12:17:41 DEBUG DishService:73 - ingredientsIdsCopy.get(i) - 3
2023-08-23 12:17:41 INFO  DishService:95 - БлюдоDish(id=2, title=Салат, totalCalory=0)не подходит
2023-08-23 12:17:41 DEBUG DishService:65 - Dish - Dish(id=1, title=Суп, totalCalory=0)
2023-08-23 12:17:41 DEBUG DishService:67 - [DishPart(id=1, dishId=1, ingredientId=1, qty=1, qtyCalory=0), DishPart(id=2, dishId=1, ingredientId=2, qty=1, qtyCalory=0), DishPart(id=3, dishId=1, ingredientId=3, qty=1, qtyCalory=0)]
2023-08-23 12:17:41 DEBUG DishService:69 - [1, 2, 3]
2023-08-23 12:17:41 DEBUG DishService:73 - ingredientsIdsCopy.get(i) - 1
2023-08-23 12:17:41 DEBUG DishService:75 - Удалено id - 1
2023-08-23 12:17:41 DEBUG DishService:77 - Лист - [2, 3]
2023-08-23 12:17:41 DEBUG DishService:73 - ingredientsIdsCopy.get(i) - 3
2023-08-23 12:17:41 DEBUG DishService:73 - ingredientsIdsCopy.get(i) - 2
2023-08-23 12:17:41 DEBUG DishService:75 - Удалено id - 2
2023-08-23 12:17:41 DEBUG DishService:77 - Лист - [3]
2023-08-23 12:17:41 DEBUG DishService:73 - ingredientsIdsCopy.get(i) - 3
2023-08-23 12:17:41 DEBUG DishService:75 - Удалено id - 3
2023-08-23 12:17:41 DEBUG DishService:77 - Лист - []
2023-08-23 12:17:41 DEBUG DishService:80 - Найдено до конца цикла
2023-08-23 12:17:41 DEBUG DishService:86 - Вышел из цикла,поскольку блюдо уже подходит
2023-08-23 12:17:41 INFO  DishService:91 - Найдено нужное блюдо - Dish(id=1, title=Суп, totalCalory=0)
